<?xml version="1.0" encoding="UTF-8"?>
<!-- Generated by org.testng.reporters.JUnitReportReporter -->
<testsuite hostname="Soumen-HP" name="testCases.VerifyViewSystemUsersPage" tests="1" failures="0" timestamp="4 Nov 2016 15:06:16 GMT" time="38.103" errors="0">
  <testcase name="testSignin" time="38.103" classname="testCases.VerifyViewSystemUsersPage"/>
</testsuite> <!-- testCases.VerifyViewSystemUsersPage -->
