<?xml version="1.0" encoding="UTF-8"?>
<!-- Generated by org.testng.reporters.JUnitReportReporter -->
<testsuite hostname="Soumen-HP" name="testCases.VerifyAdminUserManagementPage" tests="1" failures="0" timestamp="31 Oct 2016 16:20:24 GMT" time="33.159" errors="0">
  <testcase name="testSignin" time="33.159" classname="testCases.VerifyAdminUserManagementPage"/>
</testsuite> <!-- testCases.VerifyAdminUserManagementPage -->
