<?xml version="1.0" encoding="UTF-8"?>
<!-- Generated by org.testng.reporters.JUnitReportReporter -->
<testsuite hostname="Soumen-HP" name="testCases.VerifySaveSystemUserPage" tests="1" failures="0" timestamp="1 Nov 2016 08:08:02 GMT" time="37.555" errors="0">
  <testcase name="testSignin" time="37.555" classname="testCases.VerifySaveSystemUserPage"/>
</testsuite> <!-- testCases.VerifySaveSystemUserPage -->
