<?xml version="1.0" encoding="UTF-8"?>
<!-- Generated by org.testng.reporters.JUnitReportReporter -->
<testsuite hostname="Soumen-HP" name="testCases.VerifySearchandDelete" tests="1" failures="0" timestamp="1 Nov 2016 15:15:12 GMT" time="50.105" errors="0">
  <testcase name="testSignin" time="50.105" classname="testCases.VerifySearchandDelete"/>
</testsuite> <!-- testCases.VerifySearchandDelete -->
