<?xml version="1.0" encoding="UTF-8"?>
<!-- Generated by org.testng.reporters.JUnitReportReporter -->
<testsuite hostname="Soumen-HP" name="testCases.VerifyGeneralUserLogin" tests="1" failures="0" timestamp="1 Nov 2016 07:34:37 GMT" time="18.373" errors="0">
  <testcase name="testSignin" time="18.373" classname="testCases.VerifyGeneralUserLogin"/>
</testsuite> <!-- testCases.VerifyGeneralUserLogin -->
