<?xml version="1.0" encoding="UTF-8"?>
<!-- Generated by org.testng.reporters.JUnitReportReporter -->
<testsuite hostname="Soumen-HP" name="testCases.VerifySignDifferentUsers" tests="1" failures="0" timestamp="31 Oct 2016 15:57:29 GMT" time="34.735" errors="0">
  <testcase name="testSignin" time="34.735" classname="testCases.VerifySignDifferentUsers"/>
</testsuite> <!-- testCases.VerifySignDifferentUsers -->
